::1 - - [20/Mar/2023:19:51:40 +0000] "GET /users HTTP/1.1" 201 1366
::1 - - [20/Mar/2023:20:21:04 +0000] "GET /users HTTP/1.1" 201 1366
::1 - - [20/Mar/2023:20:23:59 +0000] "POST /users HTTP/1.1" 201 172
::1 - sproutABC [20/Mar/2023:20:31:20 +0000] "POST /router/login?Username=sproutABC&Password=apple123 HTTP/1.1" 404 152
::1 - - [20/Mar/2023:23:07:07 +0000] "GET /users HTTP/1.1" 201 1539
::1 - - [20/Mar/2023:23:07:34 +0000] "GET /users HTTP/1.1" 201 1539
::1 - - [20/Mar/2023:23:57:55 +0000] "GET /users HTTP/1.1" 201 1539
::1 - - [21/Mar/2023:00:00:10 +0000] "POST /auth?Username=sproutABC&Password=apple123 HTTP/1.1" 404 144
::1 - - [21/Mar/2023:00:00:52 +0000] "POST /auth HTTP/1.1" 404 144
::1 - - [21/Mar/2023:00:01:55 +0000] "POST /auth HTTP/1.1" 404 144
::1 - - [21/Mar/2023:00:03:45 +0000] "POST /api/login HTTP/1.1" 404 149
::1 - - [21/Mar/2023:00:03:52 +0000] "POST /api/auth HTTP/1.1" 404 148
::1 - - [21/Mar/2023:00:04:04 +0000] "POST /api/auth HTTP/1.1" 404 148
::1 - - [21/Mar/2023:00:04:12 +0000] "POST /api/login HTTP/1.1" 404 149
::1 - - [21/Mar/2023:00:16:55 +0000] "POST /api/login HTTP/1.1" 404 149
::1 - - [21/Mar/2023:00:34:22 +0000] "GET /users HTTP/1.1" 201 1539
::1 - - [21/Mar/2023:00:49:00 +0000] "GET /users HTTP/1.1" 201 1539
::1 - - [21/Mar/2023:00:49:15 +0000] "GET /users/meetzak HTTP/1.1" 401 -
::1 - - [21/Mar/2023:19:27:09 +0000] "GET /users HTTP/1.1" 201 1539
::1 - - [21/Mar/2023:22:56:27 +0000] "GET /users HTTP/1.1" 201 1539
::1 - jayuser [21/Mar/2023:23:00:32 +0000] "POST /auth/login?Username=jayuser&Password=california HTTP/1.1" 404 150
::1 - jayuser [21/Mar/2023:23:00:53 +0000] "POST /auth?Username=jayuser&Password=california HTTP/1.1" 404 144
::1 - jayuser [21/Mar/2023:23:02:26 +0000] "POST /router/login?Username=jayuser&Password=california HTTP/1.1" 404 152
::1 - jayuser [21/Mar/2023:23:02:39 +0000] "POST /router?Username=jayuser&Password=california HTTP/1.1" 404 146
::1 - - [21/Mar/2023:23:18:13 +0000] "GET /users HTTP/1.1" 201 1539
::1 - sproutABC [21/Mar/2023:23:23:18 +0000] "POST /login?Username=sproutABC&Password=apple123 HTTP/1.1" 404 145
::1 - sproutABC [21/Mar/2023:23:23:43 +0000] "POST /auth HTTP/1.1" 404 144
::1 - - [21/Mar/2023:23:24:23 +0000] "POST /auth HTTP/1.1" 404 144
::1 - - [21/Mar/2023:23:24:24 +0000] "POST /auth HTTP/1.1" 404 144
::1 - - [21/Mar/2023:23:24:40 +0000] "POST /auth HTTP/1.1" 404 144
::1 - - [21/Mar/2023:23:24:42 +0000] "POST /auth HTTP/1.1" 404 144
::1 - - [21/Mar/2023:23:25:00 +0000] "POST /auth HTTP/1.1" 404 144
::1 - - [21/Mar/2023:23:27:21 +0000] "POST /auth HTTP/1.1" 404 144
::1 - - [21/Mar/2023:23:27:22 +0000] "POST /auth HTTP/1.1" 404 144
::1 - - [21/Mar/2023:23:27:40 +0000] "POST /auth HTTP/1.1" 404 144
::1 - - [21/Mar/2023:23:28:30 +0000] "POST /auth HTTP/1.1" 404 144
::1 - - [22/Mar/2023:00:28:18 +0000] "GET /users HTTP/1.1" 201 1539
::1 - - [22/Mar/2023:00:36:26 +0000] "POST /login?Username=sproutABC&Password=apple123 HTTP/1.1" 400 36
::1 - - [22/Mar/2023:00:36:38 +0000] "POST /login?Username=sproutABC&Password=apple123 HTTP/1.1" 400 36
::1 - - [22/Mar/2023:00:37:49 +0000] "POST /login?Username=sproutABC&Password=apple123 HTTP/1.1" 400 36
::1 - - [22/Mar/2023:00:43:01 +0000] "POST /login?Username=sproutABC&Password=apple123 HTTP/1.1" 400 36
::1 - - [22/Mar/2023:00:47:07 +0000] "GET /users/meetzak HTTP/1.1" 401 -
::1 - - [22/Mar/2023:01:14:11 +0000] "POST /login?Username=sproutABC&Password=apple123 HTTP/1.1" 400 36
::1 - - [22/Mar/2023:01:22:38 +0000] "POST /login?Username=sproutABC&Password=apple123 HTTP/1.1" 400 36
::1 - - [22/Mar/2023:01:22:41 +0000] "POST /login?Username=sproutABC&Password=apple123 HTTP/1.1" 400 36
::1 - - [22/Mar/2023:01:24:45 +0000] "POST /login?Username=sproutABC&Password=apple123 HTTP/1.1" 400 36
